# JRE version: OpenJDK Runtime Environment (8.0_242-b08) (build 1.8.0_242-b08)
# Java VM: OpenJDK 64-Bit Server VM (25.242-b08 mixed mode windows-amd64 compressed oops)
Heap:
 PSYoungGen      total 634880K, used 199195K [0x00000000d5580000, 0x00000000ffb00000, 0x0000000100000000)
  eden space 581120K, 29% used [0x00000000d5580000,0x00000000dfeeff98,0x00000000f8d00000)
  from space 53760K, 47% used [0x00000000fc680000,0x00000000fdf96d30,0x00000000ffb00000)
  to   space 56320K, 0% used [0x00000000f8d00000,0x00000000f8d00000,0x00000000fc400000)
 ParOldGen       total 604160K, used 360664K [0x0000000080000000, 0x00000000a4e00000, 0x00000000d5580000)
  object space 604160K, 59% used [0x0000000080000000,0x0000000096036128,0x00000000a4e00000)
 Metaspace       used 32435K, capacity 34276K, committed 36784K, reserved 1081344K
  class space    used 3418K, capacity 3994K, committed 4528K, reserved 1048576K
GC Heap History (10 events):
Event: 17334.359 GC heap before
{Heap before GC invocations=49 (full 4):
 PSYoungGen      total 628736K, used 592333K [0x00000000d5580000, 0x00000000ffb00000, 0x0000000100000000)
  eden space 567808K, 100% used [0x00000000d5580000,0x00000000f8000000,0x00000000f8000000)
  from space 60928K, 40% used [0x00000000fbf80000,0x00000000fd7735a0,0x00000000ffb00000)
  to   space 62976K, 0% used [0x00000000f8000000,0x00000000f8000000,0x00000000fbd80000)
 ParOldGen       total 572416K, used 507947K [0x0000000080000000, 0x00000000a2f00000, 0x00000000d5580000)
  object space 572416K, 88% used [0x0000000080000000,0x000000009f00ad68,0x00000000a2f00000)
 Metaspace       used 33677K, capacity 35878K, committed 36272K, reserved 1081344K
  class space    used 3506K, capacity 4340K, committed 4528K, reserved 1048576K
Event: 17335.917 GC heap after
Heap after GC invocations=49 (full 4):
 PSYoungGen      total 630784K, used 21227K [0x00000000d5580000, 0x0000000100000000, 0x0000000100000000)
  eden space 567808K, 0% used [0x00000000d5580000,0x00000000d5580000,0x00000000f8000000)
  from space 62976K, 33% used [0x00000000f8000000,0x00000000f94bad00,0x00000000fbd80000)
  to   space 61952K, 0% used [0x00000000fc380000,0x00000000fc380000,0x0000000100000000)
 ParOldGen       total 572416K, used 523318K [0x0000000080000000, 0x00000000a2f00000, 0x00000000d5580000)
  object space 572416K, 91% used [0x0000000080000000,0x000000009ff0dab8,0x00000000a2f00000)
 Metaspace       used 33677K, capacity 35878K, committed 36272K, reserved 1081344K
  class space    used 3506K, capacity 4340K, committed 4528K, reserved 1048576K
}
Event: 17363.105 GC heap before
{Heap before GC invocations=50 (full 4):
 PSYoungGen      total 630784K, used 589035K [0x00000000d5580000, 0x0000000100000000, 0x0000000100000000)
  eden space 567808K, 100% used [0x00000000d5580000,0x00000000f8000000,0x00000000f8000000)
  from space 62976K, 33% used [0x00000000f8000000,0x00000000f94bad00,0x00000000fbd80000)
  to   space 61952K, 0% used [0x00000000fc380000,0x00000000fc380000,0x0000000100000000)
 ParOldGen       total 572416K, used 523318K [0x0000000080000000, 0x00000000a2f00000, 0x00000000d5580000)
  object space 572416K, 91% used [0x0000000080000000,0x000000009ff0dab8,0x00000000a2f00000)
 Metaspace       used 33811K, capacity 36048K, committed 36272K, reserved 1081344K
  class space    used 3515K, capacity 4374K, committed 4528K, reserved 1048576K
Event: 17365.094 GC heap after
Heap after GC invocations=50 (full 4):
 PSYoungGen      total 630784K, used 27436K [0x00000000d5580000, 0x00000000ffb00000, 0x0000000100000000)
  eden space 573952K, 0% used [0x00000000d5580000,0x00000000d5580000,0x00000000f8600000)
  from space 56832K, 48% used [0x00000000fc380000,0x00000000fde4b350,0x00000000ffb00000)
  to   space 59904K, 0% used [0x00000000f8600000,0x00000000f8600000,0x00000000fc080000)
 ParOldGen       total 572416K, used 540677K [0x0000000080000000, 0x00000000a2f00000, 0x00000000d5580000)
  object space 572416K, 94% used [0x0000000080000000,0x00000000a10016b8,0x00000000a2f00000)
 Metaspace       used 33811K, capacity 36048K, committed 36272K, reserved 1081344K
  class space    used 3515K, capacity 4374K, committed 4528K, reserved 1048576K
}
Event: 17376.057 GC heap before
{Heap before GC invocations=51 (full 4):
 PSYoungGen      total 630784K, used 601388K [0x00000000d5580000, 0x00000000ffb00000, 0x0000000100000000)
  eden space 573952K, 100% used [0x00000000d5580000,0x00000000f8600000,0x00000000f8600000)
  from space 56832K, 48% used [0x00000000fc380000,0x00000000fde4b350,0x00000000ffb00000)
  to   space 59904K, 0% used [0x00000000f8600000,0x00000000f8600000,0x00000000fc080000)
 ParOldGen       total 572416K, used 540677K [0x0000000080000000, 0x00000000a2f00000, 0x00000000d5580000)
  object space 572416K, 94% used [0x0000000080000000,0x00000000a10016b8,0x00000000a2f00000)
 Metaspace       used 33972K, capacity 36282K, committed 36528K, reserved 1081344K
  class space    used 3524K, capacity 4408K, committed 4528K, reserved 1048576K
Event: 17376.274 GC heap after
Heap after GC invocations=51 (full 4):
 PSYoungGen      total 633856K, used 27338K [0x00000000d5580000, 0x00000000fff00000, 0x0000000100000000)
  eden space 573952K, 0% used [0x00000000d5580000,0x00000000d5580000,0x00000000f8600000)
  from space 59904K, 45% used [0x00000000f8600000,0x00000000fa0b2a30,0x00000000fc080000)
  to   space 57856K, 0% used [0x00000000fc680000,0x00000000fc680000,0x00000000fff00000)
 ParOldGen       total 572416K, used 558130K [0x0000000080000000, 0x00000000a2f00000, 0x00000000d5580000)
  object space 572416K, 97% used [0x0000000080000000,0x00000000a210c950,0x00000000a2f00000)
 Metaspace       used 33972K, capacity 36282K, committed 36528K, reserved 1081344K
  class space    used 3524K, capacity 4408K, committed 4528K, reserved 1048576K
}
Event: 17376.274 GC heap before
{Heap before GC invocations=52 (full 5):
 PSYoungGen      total 633856K, used 27338K [0x00000000d5580000, 0x00000000fff00000, 0x0000000100000000)
  eden space 573952K, 0% used [0x00000000d5580000,0x00000000d5580000,0x00000000f8600000)
  from space 59904K, 45% used [0x00000000f8600000,0x00000000fa0b2a30,0x00000000fc080000)
  to   space 57856K, 0% used [0x00000000fc680000,0x00000000fc680000,0x00000000fff00000)
 ParOldGen       total 572416K, used 558130K [0x0000000080000000, 0x00000000a2f00000, 0x00000000d5580000)
  object space 572416K, 97% used [0x0000000080000000,0x00000000a210c950,0x00000000a2f00000)
 Metaspace       used 33972K, capacity 36282K, committed 36528K, reserved 1081344K
  class space    used 3524K, capacity 4408K, committed 4528K, reserved 1048576K
Event: 17385.270 GC heap after
Heap after GC invocations=52 (full 5):
 PSYoungGen      total 633856K, used 0K [0x00000000d5580000, 0x00000000fff00000, 0x0000000100000000)
  eden space 573952K, 0% used [0x00000000d5580000,0x00000000d5580000,0x00000000f8600000)
  from space 59904K, 0% used [0x00000000f8600000,0x00000000f8600000,0x00000000fc080000)
  to   space 57856K, 0% used [0x00000000fc680000,0x00000000fc680000,0x00000000fff00000)
 ParOldGen       total 604160K, used 360664K [0x0000000080000000, 0x00000000a4e00000, 0x00000000d5580000)
  object space 604160K, 59% used [0x0000000080000000,0x0000000096036128,0x00000000a4e00000)
 Metaspace       used 32254K, capacity 34002K, committed 36528K, reserved 1081344K
  class space    used 3408K, capacity 3952K, committed 4528K, reserved 1048576K
}
Event: 17424.864 GC heap before
{Heap before GC invocations=53 (full 5):
 PSYoungGen      total 633856K, used 573952K [0x00000000d5580000, 0x00000000fff00000, 0x0000000100000000)
  eden space 573952K, 100% used [0x00000000d5580000,0x00000000f8600000,0x00000000f8600000)
  from space 59904K, 0% used [0x00000000f8600000,0x00000000f8600000,0x00000000fc080000)
  to   space 57856K, 0% used [0x00000000fc680000,0x00000000fc680000,0x00000000fff00000)
 ParOldGen       total 604160K, used 360664K [0x0000000080000000, 0x00000000a4e00000, 0x00000000d5580000)
  object space 604160K, 59% used [0x0000000080000000,0x0000000096036128,0x00000000a4e00000)
 Metaspace       used 32411K, capacity 34246K, committed 36784K, reserved 1081344K
  class space    used 3417K, capacity 3988K, committed 4528K, reserved 1048576K
Event: 17427.511 GC heap after
Heap after GC invocations=53 (full 5):
 PSYoungGen      total 634880K, used 25691K [0x00000000d5580000, 0x00000000ffb00000, 0x0000000100000000)
  eden space 581120K, 0% used [0x00000000d5580000,0x00000000d5580000,0x00000000f8d00000)
  from space 53760K, 47% used [0x00000000fc680000,0x00000000fdf96d30,0x00000000ffb00000)
  to   space 56320K, 0% used [0x00000000f8d00000,0x00000000f8d00000,0x00000000fc400000)
 ParOldGen       total 604160K, used 360664K [0x0000000080000000, 0x00000000a4e00000, 0x00000000d5580000)
  object space 604160K, 59% used [0x0000000080000000,0x0000000096036128,0x00000000a4e00000)
 Metaspace       used 32411K, capacity 34246K, committed 36784K, reserved 1081344K
  class space    used 3417K, capacity 3988K, committed 4528K, reserved 1048576K
}

